<?xml version="1.0" encoding="UTF-8" ?>
<testsuite errors="1" failures="0" hostname="MacBook-Pro-de-RICHARD.local" name="com.edrichard.f1drtoid.test.TestF1Droid" skipped="0" tests="1" time="0.0" timestamp="2014-02-21T14:51:33">
  <properties>
[...]
</properties>
  <error message="com.edrichard.f1drtoid.test.TestF1Droid" type="java.lang.ClassNotFoundException">java.lang.ClassNotFoundException: com.edrichard.f1drtoid.test.TestF1Droid
	at java.net.URLClassLoader$1.run(URLClassLoader.java:202)
	at java.security.AccessController.doPrivileged(Native Method)
	at java.net.URLClassLoader.findClass(URLClassLoader.java:190)
	at java.lang.ClassLoader.loadClass(ClassLoader.java:306)
	at sun.misc.Launcher$AppClassLoader.loadClass(Launcher.java:301)
	at java.lang.ClassLoader.loadClass(ClassLoader.java:247)
	at java.lang.Class.forName0(Native Method)
	at java.lang.Class.forName(Class.java:171)
</error>
  <system-out><![CDATA[]]></system-out>
  <system-err><![CDATA[]]></system-err>
</testsuite>
